[0m13:41:40.396359 [debug] [MainThread]: Sending event: {'category': 'dbt', 'action': 'invocation', 'label': 'start', 'context': [<snowplow_tracker.self_describing_json.SelfDescribingJson object at 0x10925af60>, <snowplow_tracker.self_describing_json.SelfDescribingJson object at 0x10889b740>, <snowplow_tracker.self_describing_json.SelfDescribingJson object at 0x1098ebce0>]}


============================== 13:41:40.399344 | a9f0b7fd-a747-4d1d-830d-aaacf60931ac ==============================
[0m13:41:40.399344 [info ] [MainThread]: Running with dbt=1.11.2
[0m13:41:40.399722 [debug] [MainThread]: running dbt with arguments {'partial_parse': 'True', 'use_experimental_parser': 'False', 'invocation_command': 'dbt init dbt_code', 'profiles_dir': '/Users/kacpro/.dbt', 'cache_selected_only': 'False', 'version_check': 'True', 'send_anonymous_usage_stats': 'True', 'write_json': 'True', 'log_path': 'logs', 'warn_error': 'None', 'no_print': 'None', 'fail_fast': 'False', 'target_path': 'None', 'indirect_selection': 'eager', 'warn_error_options': 'WarnErrorOptionsV2(error=[], warn=[], silence=[])', 'log_cache_events': 'False', 'log_format': 'default', 'empty': 'None', 'printer_width': '80', 'use_colors': 'True', 'introspect': 'True', 'static_parser': 'True', 'quiet': 'False', 'debug': 'False'}
[0m13:41:40.409567 [debug] [MainThread]: Starter project path: /Library/Frameworks/Python.framework/Versions/3.12/lib/python3.12/site-packages/dbt/include/starter_project
[0m13:41:40.413821 [info ] [MainThread]: 
Your new dbt project "dbt_code" was created!

For more information on how to configure the profiles.yml file,
please consult the dbt documentation here:

  https://docs.getdbt.com/docs/configure-your-profile

One more thing:

Need help? Don't hesitate to reach out to us via GitHub issues or on Slack:

  https://community.getdbt.com/

Happy modeling!

[0m13:41:40.414058 [info ] [MainThread]: Setting up your profile.
[0m13:41:43.915180 [debug] [MainThread]: Resource report: {"command_name": "init", "command_success": true, "command_wall_clock_time": 3.561503, "process_in_blocks": "0", "process_kernel_time": 0.140978, "process_mem_max_rss": "125157376", "process_out_blocks": "0", "process_user_time": 1.321766}
[0m13:41:43.915706 [debug] [MainThread]: Command `dbt init` succeeded at 13:41:43.915633 after 3.56 seconds
[0m13:41:43.915963 [debug] [MainThread]: Sending event: {'category': 'dbt', 'action': 'invocation', 'label': 'end', 'context': [<snowplow_tracker.self_describing_json.SelfDescribingJson object at 0x109adda00>, <snowplow_tracker.self_describing_json.SelfDescribingJson object at 0x1098eadb0>, <snowplow_tracker.self_describing_json.SelfDescribingJson object at 0x10925af60>]}
[0m13:41:43.916186 [debug] [MainThread]: Flushing usage events
[0m13:41:44.589579 [debug] [MainThread]: An error was encountered while trying to flush usage events
